Success (1):
content 3538 _a-0000dcdc-981d-8000-183f-01ef9001ef90_5941 "DF_GetMonthRange"

Referenced precedents that were not exported (2):
content 3362 _a-0000dcdc-981d-8000-183f-01ef9001ef90_5940
content 3316 1c9d8eb9-f682-4add-a209-b09af0151627

Trace:
2016-05-06 02:57:42.546 DEBUG content 3538 _a-0000dcdc-981d-8000-183f-01ef9001ef90_5941 Begin transport.
2016-05-06 02:57:42.546 DEBUG content 3538 _a-0000dcdc-981d-8000-183f-01ef9001ef90_5941 Retrieving object data.
2016-05-06 02:57:42.558 DEBUG content 3538 _a-0000dcdc-981d-8000-183f-01ef9001ef90_5941 Setting uuids of object references.
2016-05-06 02:57:42.558 DEBUG content 3538 _a-0000dcdc-981d-8000-183f-01ef9001ef90_5941 Processing reference: [Content:id=3363,versionId=-1,name=DF_GetMonthRange,description=Displays month-year for a certain interval of months. Pass 1 as the startIndex to return the current month.,type=32,subtype=1,uuid=_a-0000dcdc-981d-8000-183f-01ef9001ef90_5941,parent=3316,parentName=DF Utility Rules,parentType=2,log=3538,logName=DF_GetMonthRange,state=255,visibility=35,security=15,creator=Administrator,createdTimestamp=2016-05-06 02:57:30.0,updatedTimestamp=2016-05-06 02:57:30.0,size=0,lockedBy=,changesRequireApproval=false,attributes={dep_rules=[Ljava.lang.Long;@1f12ecb2, system=0, preferredEditor=legacy, hidden=0, offlineEnabled=false, ruletype=1, dep_functions=[Ljava.lang.String;@2d17da76, definition=with(
  local!range: ri!startIndex + enumerate(1 + ri!endIndex - ri!startIndex),
  local!monthDates: apply(
    eomonth(today(), _),
    local!range
  ),
  apply(
    #"_a-0000dcdc-981d-8000-183f-01ef9001ef90_5940",
    local!monthDates
  )
), dep_types=[Ljava.lang.String;@5d8f0b9d, metadataExpr=null, parameters=[Lcom.appiancorp.suiteapi.process.TypedVariable;@52ea73b6, dep_variables=[[Ljava.lang.String;@5a156225},partition=3,partitionName=/usr/local/appian/ae/_admin/accdocs3]
2016-05-06 02:57:42.562 DEBUG content 3538 _a-0000dcdc-981d-8000-183f-01ef9001ef90_5941 Processing reference: FreeformRule.forum
2016-05-06 02:57:42.562 DEBUG content 3538 _a-0000dcdc-981d-8000-183f-01ef9001ef90_5941 Processing reference: TypedVariable[name=startIndex,it=1,v=<null>]
2016-05-06 02:57:42.562 DEBUG content 3538 _a-0000dcdc-981d-8000-183f-01ef9001ef90_5941 Processing reference: TypedVariable[name=endIndex,it=1,v=<null>]
2016-05-06 02:57:42.562 DEBUG content 3538 _a-0000dcdc-981d-8000-183f-01ef9001ef90_5941 Processing reference: FreeformRule.parent
2016-05-06 02:57:42.565 DEBUG content 3538 _a-0000dcdc-981d-8000-183f-01ef9001ef90_5941 Processing reference: com.appiancorp.suiteapi.content.ContentRoleMap@232ae779[
  ContentRole[name=readers,inherit=true,allowForAll=false]
  ContentRole[name=authors,inherit=true,allowForAll=false]
  ContentRole[name=administrators,inherit=true,allowForAll=false]
  ContentRole[name=denyReaders,inherit=false,allowForAll=false]
  ContentRole[name=denyAuthors,inherit=false,allowForAll=false]
  ContentRole[name=denyAdministrators,inherit=false,allowForAll=false]
  securityVector=15:SEC_PUBLIC=true,SEC_CREATOR_ADMIN=false,SEC_INH_ADMIN=true,SEC_INH_EDITOR=true,SEC_INH_VIEWER=true,SEC_ALL_ADMIN=false,SEC_ALL_EDITOR=false,SEC_ALL_VIEWER=false
]
2016-05-06 02:57:42.565 DEBUG content 3538 _a-0000dcdc-981d-8000-183f-01ef9001ef90_5941 Processing reference: ContentRole[name=readers,inherit=true,allowForAll=false]
2016-05-06 02:57:42.565 DEBUG content 3538 _a-0000dcdc-981d-8000-183f-01ef9001ef90_5941 Processing reference: ContentRole[name=authors,inherit=true,allowForAll=false]
2016-05-06 02:57:42.565 DEBUG content 3538 _a-0000dcdc-981d-8000-183f-01ef9001ef90_5941 Processing reference: ContentRole[name=administrators,inherit=true,allowForAll=false]
2016-05-06 02:57:42.565 DEBUG content 3538 _a-0000dcdc-981d-8000-183f-01ef9001ef90_5941 Processing reference: ContentRole[name=denyReaders,inherit=false,allowForAll=false]
2016-05-06 02:57:42.565 DEBUG content 3538 _a-0000dcdc-981d-8000-183f-01ef9001ef90_5941 Processing reference: ContentRole[name=denyAuthors,inherit=false,allowForAll=false]
2016-05-06 02:57:42.565 DEBUG content 3538 _a-0000dcdc-981d-8000-183f-01ef9001ef90_5941 Processing reference: ContentRole[name=denyAdministrators,inherit=false,allowForAll=false]
2016-05-06 02:57:42.57 DEBUG content 3538 _a-0000dcdc-981d-8000-183f-01ef9001ef90_5941 Exporting binary resources.
2016-05-06 02:57:42.57 DEBUG content 3538 _a-0000dcdc-981d-8000-183f-01ef9001ef90_5941 Serializing object to XML.
2016-05-06 02:57:42.576 DEBUG content 3538 _a-0000dcdc-981d-8000-183f-01ef9001ef90_5941 Object transported.
